[debug] [2026-04-06T17:19:55.751Z] ----------------------------------------------------------------------
[debug] [2026-04-06T17:19:55.753Z] Command:       /usr/local/bin/node /usr/local/bin/firebase deploy --only hosting
[debug] [2026-04-06T17:19:55.753Z] CLI Version:   15.8.0
[debug] [2026-04-06T17:19:55.753Z] Platform:      darwin
[debug] [2026-04-06T17:19:55.753Z] Node Version:  v24.12.0
[debug] [2026-04-06T17:19:55.753Z] Time:          Mon Apr 06 2026 22:49:55 GMT+0530 (India Standard Time)
[debug] [2026-04-06T17:19:55.753Z] ----------------------------------------------------------------------
[debug] 
[debug] [2026-04-06T17:19:55.754Z] >>> [apiv2][query] GET https://firebase-public.firebaseio.com/cli.json [none]
[debug] [2026-04-06T17:19:56.830Z] > command requires scopes: ["email","openid","https://www.googleapis.com/auth/cloudplatformprojects.readonly","https://www.googleapis.com/auth/firebase","https://www.googleapis.com/auth/cloud-platform"]
[debug] [2026-04-06T17:19:56.830Z] > authorizing via signed-in user (dkarora112131@gmail.com)
[debug] [2026-04-06T17:19:56.830Z] [iam] checking project roubletuli-s for permissions ["firebase.projects.get","firebasehosting.sites.update"]
[debug] [2026-04-06T17:19:56.831Z] Checked if tokens are valid: false, expires at: 1772396639604
[debug] [2026-04-06T17:19:56.831Z] Checked if tokens are valid: false, expires at: 1772396639604
[debug] [2026-04-06T17:19:56.831Z] > refreshing access token with scopes: []
[debug] [2026-04-06T17:19:56.831Z] >>> [apiv2][query] POST https://www.googleapis.com/oauth2/v3/token [none]
[debug] [2026-04-06T17:19:56.832Z] >>> [apiv2][body] POST https://www.googleapis.com/oauth2/v3/token [omitted]
[debug] [2026-04-06T17:19:57.067Z] <<< [apiv2][status] POST https://www.googleapis.com/oauth2/v3/token 200
[debug] [2026-04-06T17:19:57.067Z] <<< [apiv2][body] POST https://www.googleapis.com/oauth2/v3/token [omitted]
[debug] [2026-04-06T17:19:57.081Z] >>> [apiv2][query] POST https://cloudresourcemanager.googleapis.com/v1/projects/roubletuli-s:testIamPermissions [none]
[debug] [2026-04-06T17:19:57.081Z] >>> [apiv2][(partial)header] POST https://cloudresourcemanager.googleapis.com/v1/projects/roubletuli-s:testIamPermissions  x-goog-user-project=roubletuli-s
[debug] [2026-04-06T17:19:57.082Z] >>> [apiv2][body] POST https://cloudresourcemanager.googleapis.com/v1/projects/roubletuli-s:testIamPermissions {"permissions":["firebase.projects.get","firebasehosting.sites.update"]}
[debug] [2026-04-06T17:19:57.471Z] <<< [apiv2][status] GET https://firebase-public.firebaseio.com/cli.json 200
[debug] [2026-04-06T17:19:57.471Z] <<< [apiv2][body] GET https://firebase-public.firebaseio.com/cli.json {"cloudBuildErrorAfter":1594252800000,"cloudBuildWarnAfter":1590019200000,"defaultNode10After":1594252800000,"minVersion":"3.0.5","node8DeploysDisabledAfter":1613390400000,"node8RuntimeDisabledAfter":1615809600000,"node8WarnAfter":1600128000000}
[debug] [2026-04-06T17:19:58.664Z] <<< [apiv2][status] POST https://cloudresourcemanager.googleapis.com/v1/projects/roubletuli-s:testIamPermissions 403
[debug] [2026-04-06T17:19:58.664Z] <<< [apiv2][body] POST https://cloudresourcemanager.googleapis.com/v1/projects/roubletuli-s:testIamPermissions {"error":{"code":403,"message":"Caller does not have required permission to use project roubletuli-s. Grant the caller the roles/serviceusage.serviceUsageConsumer role, or a custom role with the serviceusage.services.use permission, by visiting https://console.developers.google.com/iam-admin/iam?project=roubletuli-s and then retry. Propagation of the new permission may take a few minutes.","status":"PERMISSION_DENIED","details":[{"@type":"type.googleapis.com/google.rpc.ErrorInfo","reason":"USER_PROJECT_DENIED","domain":"googleapis.com","metadata":{"service":"cloudresourcemanager.googleapis.com","consumer":"projects/roubletuli-s","containerInfo":"roubletuli-s","consoleUrl":"https://console.developers.google.com/iam-admin/iam?project=roubletuli-s"}},{"@type":"type.googleapis.com/google.rpc.LocalizedMessage","locale":"en-US","message":"Caller does not have required permission to use project roubletuli-s. Grant the caller the roles/serviceusage.serviceUsageConsumer role, or a custom role with the serviceusage.services.use permission, by visiting https://console.developers.google.com/iam-admin/iam?project=roubletuli-s and then retry. Propagation of the new permission may take a few minutes."},{"@type":"type.googleapis.com/google.rpc.Help","links":[{"description":"Google developer console IAM admin","url":"https://console.developers.google.com/iam-admin/iam?project=roubletuli-s"}]}]}}
[debug] [2026-04-06T17:19:58.666Z] [iam] error while checking permissions, command may fail: Request to https://cloudresourcemanager.googleapis.com/v1/projects/roubletuli-s:testIamPermissions had HTTP Error: 403, Caller does not have required permission to use project roubletuli-s. Grant the caller the roles/serviceusage.serviceUsageConsumer role, or a custom role with the serviceusage.services.use permission, by visiting https://console.developers.google.com/iam-admin/iam?project=roubletuli-s and then retry. Propagation of the new permission may take a few minutes.
[debug] [2026-04-06T17:19:58.667Z] Checked if tokens are valid: true, expires at: 1775499596067
[debug] [2026-04-06T17:19:58.667Z] Checked if tokens are valid: true, expires at: 1775499596067
[debug] [2026-04-06T17:19:58.667Z] >>> [apiv2][query] GET https://firebase.googleapis.com/v1beta1/projects/roubletuli-s [none]
[debug] [2026-04-06T17:19:59.188Z] <<< [apiv2][status] GET https://firebase.googleapis.com/v1beta1/projects/roubletuli-s 403
[debug] [2026-04-06T17:19:59.188Z] <<< [apiv2][body] GET https://firebase.googleapis.com/v1beta1/projects/roubletuli-s {"error":{"code":403,"message":"The caller does not have permission","status":"PERMISSION_DENIED"}}
[debug] [2026-04-06T17:19:59.188Z] Request to https://firebase.googleapis.com/v1beta1/projects/roubletuli-s had HTTP Error: 403, The caller does not have permission
[debug] [2026-04-06T17:19:59.466Z] FirebaseError: Request to https://firebase.googleapis.com/v1beta1/projects/roubletuli-s had HTTP Error: 403, The caller does not have permission
    at responseToError (/usr/local/lib/node_modules/firebase-tools/lib/responseToError.js:53:12)
    at RetryOperation._fn (/usr/local/lib/node_modules/firebase-tools/lib/apiv2.js:330:77)
    at process.processTicksAndRejections (node:internal/process/task_queues:103:5)
[error] 
[error] Error: Failed to get Firebase project roubletuli-s. Please make sure the project exists and your account has permission to access it.
